<?xml version="1.0" encoding="UTF-8"?>
<!-- Generated by org.testng.reporters.JUnitXMLReporter -->
<testsuite ignored="11" hostname="ArunMotoori" failures="0" tests="1" name="Default test" time="8.05" errors="0" timestamp="2025-07-27T12:09:01 IST">
  <testcase classname="tests.ProductCompare" name="verifyBreadCrumbOfProductComparePage" time="7.956"/>
  <testcase classname="tests.ProductCompare" name="verifyAddingProductForComparisonFromProductCategoryListView" time="0.0">
    <ignored/>
  </testcase> <!-- verifyAddingProductForComparisonFromProductCategoryListView -->
  <testcase classname="tests.ProductCompare" name="verifyNavigatingToProductComparePageUsingProductCompareLinkInCategoryPage" time="0.0">
    <ignored/>
  </testcase> <!-- verifyNavigatingToProductComparePageUsingProductCompareLinkInCategoryPage -->
  <testcase classname="tests.ProductCompare" name="verifyAddingProductForComparisonFromListView" time="0.0">
    <ignored/>
  </testcase> <!-- verifyAddingProductForComparisonFromListView -->
  <testcase classname="tests.ProductCompare" name="verifyAddingProductForComparisonFromGridView" time="0.0">
    <ignored/>
  </testcase> <!-- verifyAddingProductForComparisonFromGridView -->
  <testcase classname="tests.ProductCompare" name="verifyProductComparePageWhenNoProductAreAddedForComparison" time="0.0">
    <ignored/>
  </testcase> <!-- verifyProductComparePageWhenNoProductAreAddedForComparison -->
  <testcase classname="tests.ProductCompare" name="verifyAddingProductForComparisonFromRelatedProductsSection" time="0.0">
    <ignored/>
  </testcase> <!-- verifyAddingProductForComparisonFromRelatedProductsSection -->
  <testcase classname="tests.ProductCompare" name="verifyAddingProductForComparisionFromProductDisplayPage" time="0.0">
    <ignored/>
  </testcase> <!-- verifyAddingProductForComparisionFromProductDisplayPage -->
  <testcase classname="tests.ProductCompare" name="verifyAddingProductForComparisonFromFeaturedSectionOfHomePage" time="0.0">
    <ignored/>
  </testcase> <!-- verifyAddingProductForComparisonFromFeaturedSectionOfHomePage -->
  <testcase classname="tests.ProductCompare" name="verifyAddingProductForComparisonFromProductCategoryGridView" time="0.0">
    <ignored/>
  </testcase> <!-- verifyAddingProductForComparisonFromProductCategoryGridView -->
  <testcase classname="tests.ProductCompare" name="verifyNavigatingToProductComparePageUsingProductCompareLinkInSearchResults" time="0.0">
    <ignored/>
  </testcase> <!-- verifyNavigatingToProductComparePageUsingProductCompareLinkInSearchResults -->
  <testcase classname="tests.ProductCompare" name="verifyContinueButtonOnProductComparePage" time="0.0">
    <ignored/>
  </testcase> <!-- verifyContinueButtonOnProductComparePage -->
</testsuite> <!-- Default test -->
