<?xml version="1.0" encoding="UTF-8"?>
<!-- Generated by org.testng.reporters.JUnitXMLReporter -->
<testsuite ignored="7" hostname="ArunMotoori" failures="0" tests="1" name="Default test" time="5.925" errors="0" timestamp="2025-09-14T17:29:23 IST">
  <testcase classname="tests.ProductDisplayPage" name="verifyWritingReviewForAProduct" time="5.83"/>
  <testcase classname="tests.ProductDisplayPage" name="verifyPriceWithAndWithoutTaxInProductDisplayPage" time="0.0">
    <ignored/>
  </testcase> <!-- verifyPriceWithAndWithoutTaxInProductDisplayPage -->
  <testcase classname="tests.ProductDisplayPage" name="verifyProductDisplayPageThumbnails" time="0.0">
    <ignored/>
  </testcase> <!-- verifyProductDisplayPageThumbnails -->
  <testcase classname="tests.ProductDisplayPage" name="verifyProductQuantityInProductDisplayPage" time="0.0">
    <ignored/>
  </testcase> <!-- verifyProductQuantityInProductDisplayPage -->
  <testcase classname="tests.ProductDisplayPage" name="verifyProductDescriptionInProductDisplayPage" time="0.0">
    <ignored/>
  </testcase> <!-- verifyProductDescriptionInProductDisplayPage -->
  <testcase classname="tests.ProductDisplayPage" name="verifyProductNameBrandCodeInProductDisplayPage" time="0.0">
    <ignored/>
  </testcase> <!-- verifyProductNameBrandCodeInProductDisplayPage -->
  <testcase classname="tests.ProductDisplayPage" name="verifyAvailabilityStatusInProductDisplayPage" time="0.0">
    <ignored/>
  </testcase> <!-- verifyAvailabilityStatusInProductDisplayPage -->
  <testcase classname="tests.ProductDisplayPage" name="verifyProductSpecificationsInProductDisplayPage" time="0.0">
    <ignored/>
  </testcase> <!-- verifyProductSpecificationsInProductDisplayPage -->
</testsuite> <!-- Default test -->
