<?xml version="1.0" encoding="UTF-8"?>
<testng-results ignored="7" total="8" passed="1" failed="0" skipped="0">
  <reporter-output>
  </reporter-output>
  <suite started-at="2025-09-14T17:29:18 IST" name="Default suite" finished-at="2025-09-14T17:29:23 IST" duration-ms="5925">
    <groups>
    </groups>
    <test started-at="2025-09-14T17:29:18 IST" name="Default test" finished-at="2025-09-14T17:29:23 IST" duration-ms="5925">
      <class name="tests.ProductDisplayPage">
        <test-method signature="verifyWritingReviewForAProduct()[pri:8, instance:tests.ProductDisplayPage@449a4f23]" started-at="2025-09-14T17:29:18 IST" name="verifyWritingReviewForAProduct" finished-at="2025-09-14T17:29:23 IST" duration-ms="5830" status="PASS">
          <reporter-output>
          </reporter-output>
        </test-method> <!-- verifyWritingReviewForAProduct -->
      </class> <!-- tests.ProductDisplayPage -->
    </test> <!-- Default test -->
  </suite> <!-- Default suite -->
</testng-results>
