<?xml version="1.0" encoding="UTF-8"?>
<testng-results ignored="21" total="22" passed="1" failed="0" skipped="0">
  <reporter-output>
  </reporter-output>
  <suite started-at="2025-08-31T16:46:22 IST" name="Default suite" finished-at="2025-08-31T16:46:27 IST" duration-ms="4507">
    <groups>
    </groups>
    <test started-at="2025-08-31T16:46:22 IST" name="Default test" finished-at="2025-08-31T16:46:27 IST" duration-ms="4507">
      <class name="tests.ProductCompare">
        <test-method signature="verifyPageTitlePageHeadingPageURLOfProductComparisonPage()[pri:21, instance:tests.ProductCompare@449a4f23]" started-at="2025-08-31T16:46:22 IST" name="verifyPageTitlePageHeadingPageURLOfProductComparisonPage" finished-at="2025-08-31T16:46:27 IST" duration-ms="4461" status="PASS">
          <reporter-output>
          </reporter-output>
        </test-method> <!-- verifyPageTitlePageHeadingPageURLOfProductComparisonPage -->
      </class> <!-- tests.ProductCompare -->
    </test> <!-- Default test -->
  </suite> <!-- Default suite -->
</testng-results>
